#
# A fatal error has been detected by the Java Runtime Environment:
#
#  Internal Error (javaClasses.cpp:126), pid=3916, tid=7680
#  fatal error: Invalid layout of preloaded class
#
# JRE version:  (8.0_31-b13) (build )
# Java VM: Java HotSpot(TM) Client VM (25.31-b07 mixed mode windows-x86 )
# Failed to write core dump. Minidumps are not enabled by default on client versions of Windows
#
# If you would like to submit a bug report, please visit:
#   http://bugreport.java.com/bugreport/crash.jsp
#

---------------  T H R E A D  ---------------

Current thread (0x021ed000):  JavaThread "Unknown thread" [_thread_in_vm, id=7680, stack(0x005e0000,0x00630000)]

Stack: [0x005e0000,0x00630000],  sp=0x0062f65c,  free space=317k
Native frames: (J=compiled Java code, j=interpreted, Vv=VM code, C=native code)
V  [jvm.dll+0x197b8b]
V  [jvm.dll+0x1909e6]
V  [jvm.dll+0x3b409]
V  [jvm.dll+0x3b5be]
V  [jvm.dll+0x49f63]
V  [jvm.dll+0x9dd9e]
V  [jvm.dll+0x9e062]
V  [jvm.dll+0x145c31]
V  [jvm.dll+0x169cb8]
V  [jvm.dll+0xdb171]
C  [javaw.exe+0x13e4]
C  [javaw.exe+0x1eb7]
C  [javaw.exe+0xaba1]
C  [javaw.exe+0xac2b]
C  [kernel32.dll+0x1338a]
C  [ntdll.dll+0x39f72]
C  [ntdll.dll+0x39f45]
C  0x00000000


---------------  P R O C E S S  ---------------

Java Threads: ( => current thread )

Other Threads:

=>0x021ed000 (exited) JavaThread "Unknown thread" [_thread_in_vm, id=7680, stack(0x005e0000,0x00630000)]

VM state:not at safepoint (not fully initialized)

VM Mutex/Monitor currently owned by a thread: None

GC Heap History (0 events):
No events

Deoptimization events (0 events):
No events

Internal exceptions (0 events):
No events

Events (10 events):
Event: 0.027 loading class java/lang/CharSequence done
Event: 0.028 loading class java/lang/String done
Event: 0.028 loading class java/lang/Class
Event: 0.028 loading class java/lang/reflect/AnnotatedElement
Event: 0.028 loading class java/lang/reflect/AnnotatedElement done
Event: 0.028 loading class java/lang/reflect/GenericDeclaration
Event: 0.028 loading class java/lang/reflect/GenericDeclaration done
Event: 0.028 loading class java/lang/reflect/Type
Event: 0.028 loading class java/lang/reflect/Type done
Event: 0.028 loading class java/lang/Class done


Dynamic libraries:
0x00090000 - 0x000c0000 	C:\Program Files (x86)\Java\jre1.8.0_31\bin\javaw.exe
0x77e40000 - 0x77fc0000 	C:\Windows\SysWOW64\ntdll.dll
0x76e50000 - 0x76f60000 	C:\Windows\syswow64\kernel32.dll
0x75a10000 - 0x75a57000 	C:\Windows\syswow64\KERNELBASE.dll
0x77160000 - 0x77200000 	C:\Windows\syswow64\ADVAPI32.dll
0x76d40000 - 0x76dec000 	C:\Windows\syswow64\msvcrt.dll
0x75ed0000 - 0x75ee9000 	C:\Windows\SysWOW64\sechost.dll
0x75920000 - 0x75a10000 	C:\Windows\syswow64\RPCRT4.dll
0x757d0000 - 0x75830000 	C:\Windows\syswow64\SspiCli.dll
0x757c0000 - 0x757cc000 	C:\Windows\syswow64\CRYPTBASE.dll
0x77490000 - 0x77590000 	C:\Windows\syswow64\USER32.dll
0x77940000 - 0x779d0000 	C:\Windows\syswow64\GDI32.dll
0x75f30000 - 0x75f3a000 	C:\Windows\syswow64\LPK.dll
0x77030000 - 0x770cd000 	C:\Windows\syswow64\USP10.dll
0x73520000 - 0x736be000 	C:\Windows\WinSxS\x86_microsoft.windows.common-controls_6595b64144ccf1df_6.0.7601.17514_none_41e6975e2bd6f2b2\COMCTL32.dll
0x75e70000 - 0x75ec7000 	C:\Windows\syswow64\SHLWAPI.dll
0x758c0000 - 0x75920000 	C:\Windows\system32\IMM32.DLL
0x76f60000 - 0x7702c000 	C:\Windows\syswow64\MSCTF.dll
0x60420000 - 0x604df000 	C:\Program Files (x86)\Java\jre1.8.0_31\bin\msvcr100.dll
0x623c0000 - 0x62764000 	C:\Program Files (x86)\Java\jre1.8.0_31\bin\client\jvm.dll
0x71d90000 - 0x71d97000 	C:\Windows\system32\WSOCK32.dll
0x76070000 - 0x760a5000 	C:\Windows\syswow64\WS2_32.dll
0x77210000 - 0x77216000 	C:\Windows\syswow64\NSI.dll
0x73c50000 - 0x73c82000 	C:\Windows\system32\WINMM.dll
0x75f20000 - 0x75f25000 	C:\Windows\syswow64\PSAPI.DLL
0x74a30000 - 0x74a3c000 	C:\Program Files (x86)\Java\jre1.8.0_31\bin\verify.dll
0x74a00000 - 0x74a21000 	C:\Program Files (x86)\Java\jre1.8.0_31\bin\java.dll
0x749e0000 - 0x749f3000 	C:\Program Files (x86)\Java\jre1.8.0_31\bin\zip.dll
0x6edc0000 - 0x6eeab000 	C:\Windows\system32\dbghelp.dll

VM Arguments:
jvm_args: -Dfile.encoding=Cp1252 -Xbootclasspath:C:\Users\Shaun Smith\android-sdks\platforms\android-21\android.jar 
java_command: org.junit.runner.JUnitCore
java_class_path (initial): C:\Users\Shaun Smith\agile\android-agile\AndroidDashboardDesign\bin\classes;E:\Eclipse\plugins\org.junit_4.11.0.v201303080030\junit.jar;E:\Eclipse\plugins\org.hamcrest.core_1.3.0.v201303031735.jar
Launcher Type: SUN_STANDARD

Environment Variables:
JAVA_HOME=C:\Program Files\Java\jdk1.7.0_67
PATH=C:/Program Files (x86)/Java/jre1.8.0_31/bin/client;C:/Program Files (x86)/Java/jre1.8.0_31/bin;C:/Program Files (x86)/Java/jre1.8.0_31/lib/i386;C:\ProgramData\Oracle\Java\javapath;C:\Windows\system32;C:\Windows;C:\Windows\system32\wbem;C:\Program Files (x86)\Common Files\Microsoft Shared\Windows Live;C:\Program Files (x86)\Intel\iCLS Client;C:\Program Files\Intel\iCLS Client;C:\Windows\System32\WindowsPowerShell\v1.0;C:\Program Files (x86)\Intel\OpenCL SDK\3.0\bin\x86;C:\Program Files (x86)\Intel\OpenCL SDK\3.0\bin\x64;C:\Program Files\Intel\Intel(R) Management Engine Components\DAL;C:\Program Files\Intel\Intel(R) Management Engine Components\IPT;C:\Program Files (x86)\Intel\Intel(R) Management Engine Components\DAL;C:\Program Files (x86)\Intel\Intel(R) Management Engine Components\IPT;C:\Program Files\Intel\WiFi\bin;C:\Program Files\Common Files\Intel\WirelessCommon;C:\Program Files (x86)\Microsoft SQL Server\100\Tools\Binn;C:\Program Files\Microsoft SQL Server\100\Tools\Binn;C:\Program Files\Microsoft SQL Server\100\DTS\Binn;C:\Program Files\Microsoft\Web Platform Installer;C:\Program Files (x86)\Microsoft ASP.NET\ASP.NET Web Pages\v1.0;C:\Program Files\Microsoft SQL Server\110\Tools\Binn;C:\Program Files (x86)\QuickTime\QTSystem;C:\Program Files\Common Files\Microsoft Shared\Windows Live;C:\Program Files\Intel\WiFi\bin\;C:\Program Files\Common Files\Intel\WirelessCommon\;E:\Eclipse;
USERNAME=Shaun Smith
OS=Windows_NT
PROCESSOR_IDENTIFIER=Intel64 Family 6 Model 60 Stepping 3, GenuineIntel



---------------  S Y S T E M  ---------------

OS: Windows 7 , 64 bit Build 7601 Service Pack 1

CPU:total 8 (4 cores per cpu, 2 threads per core) family 6 model 60 stepping 3, cmov, cx8, fxsr, mmx, sse, sse2, sse3, ssse3, sse4.1, sse4.2, popcnt, avx, avx2, aes, clmul, erms, lzcnt, ht, tsc, tscinvbit, bmi1, bmi2

Memory: 4k page, physical 8306928k(3500188k free), swap 16612000k(11123168k free)

vm_info: Java HotSpot(TM) Client VM (25.31-b07) for windows-x86 JRE (1.8.0_31-b13), built on Dec 17 2014 20:46:12 by "java_re" with MS VC++ 10.0 (VS2010)

time: Fri Mar 20 13:48:50 2015
elapsed time: 0 seconds (0d 0h 0m 0s)

